17:52:47.674 [main] INFO  com.instagram.pageObject.PO_CreatePage - no such element: Unable to locate element: {"method":"xpath","selector":"(//span[normalize-space()='4:5'])[1]"}
  (Session info: chrome=126.0.6478.114)
For documentation on this error, please visit: https://www.selenium.dev/documentation/webdriver/troubleshooting/errors#no-such-element-exception
Build info: version: '4.11.0', revision: '040bc5406b'
System info: os.name: 'Windows 10', os.arch: 'amd64', os.version: '10.0', java.version: '22.0.1'
Driver info: org.openqa.selenium.chrome.ChromeDriver
Command: [d22bc088be025fe7bef39ceffeb521fa, findElement {using=xpath, value=(//span[normalize-space()='4:5'])[1]}]
Capabilities {acceptInsecureCerts: false, browserName: chrome, browserVersion: 126.0.6478.114, chrome: {chromedriverVersion: 126.0.6478.63 (df799988fdc9...}, fedcm:accounts: true, goog:chromeOptions: {debuggerAddress: localhost:9222}, pageLoadStrategy: normal, platformName: any, proxy: Proxy(), setWindowRect: false, strictFileInteractability: false, timeouts: {implicit: 0, pageLoad: 300000, script: 30000}, unhandledPromptBehavior: dismiss and notify, webauthn:extension:credBlob: true, webauthn:extension:largeBlob: true, webauthn:extension:minPinLength: true, webauthn:extension:prf: true, webauthn:virtualAuthenticators: true}
Session ID: d22bc088be025fe7bef39ceffeb521fa
17:52:48.748 [main] INFO  com.instagram.pageObject.PO_CreatePage - no such element: Unable to locate element: {"method":"xpath","selector":"(//div[@role='button'])[.='Next']"}
  (Session info: chrome=126.0.6478.114)
For documentation on this error, please visit: https://www.selenium.dev/documentation/webdriver/troubleshooting/errors#no-such-element-exception
Build info: version: '4.11.0', revision: '040bc5406b'
System info: os.name: 'Windows 10', os.arch: 'amd64', os.version: '10.0', java.version: '22.0.1'
Driver info: org.openqa.selenium.chrome.ChromeDriver
Command: [d22bc088be025fe7bef39ceffeb521fa, findElement {using=xpath, value=(//div[@role='button'])[.='Next']}]
Capabilities {acceptInsecureCerts: false, browserName: chrome, browserVersion: 126.0.6478.114, chrome: {chromedriverVersion: 126.0.6478.63 (df799988fdc9...}, fedcm:accounts: true, goog:chromeOptions: {debuggerAddress: localhost:9222}, pageLoadStrategy: normal, platformName: any, proxy: Proxy(), setWindowRect: false, strictFileInteractability: false, timeouts: {implicit: 0, pageLoad: 300000, script: 30000}, unhandledPromptBehavior: dismiss and notify, webauthn:extension:credBlob: true, webauthn:extension:largeBlob: true, webauthn:extension:minPinLength: true, webauthn:extension:prf: true, webauthn:virtualAuthenticators: true}
Session ID: d22bc088be025fe7bef39ceffeb521fa
17:52:48.772 [main] INFO  com.instagram.pageObject.PO_CreatePage - no such element: Unable to locate element: {"method":"xpath","selector":"(//div[@role='button'])[.='Next']"}
  (Session info: chrome=126.0.6478.114)
For documentation on this error, please visit: https://www.selenium.dev/documentation/webdriver/troubleshooting/errors#no-such-element-exception
Build info: version: '4.11.0', revision: '040bc5406b'
System info: os.name: 'Windows 10', os.arch: 'amd64', os.version: '10.0', java.version: '22.0.1'
Driver info: org.openqa.selenium.chrome.ChromeDriver
Command: [d22bc088be025fe7bef39ceffeb521fa, findElement {using=xpath, value=(//div[@role='button'])[.='Next']}]
Capabilities {acceptInsecureCerts: false, browserName: chrome, browserVersion: 126.0.6478.114, chrome: {chromedriverVersion: 126.0.6478.63 (df799988fdc9...}, fedcm:accounts: true, goog:chromeOptions: {debuggerAddress: localhost:9222}, pageLoadStrategy: normal, platformName: any, proxy: Proxy(), setWindowRect: false, strictFileInteractability: false, timeouts: {implicit: 0, pageLoad: 300000, script: 30000}, unhandledPromptBehavior: dismiss and notify, webauthn:extension:credBlob: true, webauthn:extension:largeBlob: true, webauthn:extension:minPinLength: true, webauthn:extension:prf: true, webauthn:virtualAuthenticators: true}
Session ID: d22bc088be025fe7bef39ceffeb521fa
17:52:48.804 [main] INFO  com.instagram.pageObject.PO_CreatePage - no such element: Unable to locate element: {"method":"xpath","selector":"//div[@role='textbox']//p"}
  (Session info: chrome=126.0.6478.114)
For documentation on this error, please visit: https://www.selenium.dev/documentation/webdriver/troubleshooting/errors#no-such-element-exception
Build info: version: '4.11.0', revision: '040bc5406b'
System info: os.name: 'Windows 10', os.arch: 'amd64', os.version: '10.0', java.version: '22.0.1'
Driver info: org.openqa.selenium.chrome.ChromeDriver
Command: [d22bc088be025fe7bef39ceffeb521fa, findElement {using=xpath, value=//div[@role='textbox']//p}]
Capabilities {acceptInsecureCerts: false, browserName: chrome, browserVersion: 126.0.6478.114, chrome: {chromedriverVersion: 126.0.6478.63 (df799988fdc9...}, fedcm:accounts: true, goog:chromeOptions: {debuggerAddress: localhost:9222}, pageLoadStrategy: normal, platformName: any, proxy: Proxy(), setWindowRect: false, strictFileInteractability: false, timeouts: {implicit: 0, pageLoad: 300000, script: 30000}, unhandledPromptBehavior: dismiss and notify, webauthn:extension:credBlob: true, webauthn:extension:largeBlob: true, webauthn:extension:minPinLength: true, webauthn:extension:prf: true, webauthn:virtualAuthenticators: true}
Session ID: d22bc088be025fe7bef39ceffeb521fa
17:52:48.836 [main] INFO  com.instagram.pageObject.PO_CreatePage - no such element: Unable to locate element: {"method":"xpath","selector":"(//div[@role='button'])[.='Share']"}
  (Session info: chrome=126.0.6478.114)
For documentation on this error, please visit: https://www.selenium.dev/documentation/webdriver/troubleshooting/errors#no-such-element-exception
Build info: version: '4.11.0', revision: '040bc5406b'
System info: os.name: 'Windows 10', os.arch: 'amd64', os.version: '10.0', java.version: '22.0.1'
Driver info: org.openqa.selenium.chrome.ChromeDriver
Command: [d22bc088be025fe7bef39ceffeb521fa, findElement {using=xpath, value=(//div[@role='button'])[.='Share']}]
Capabilities {acceptInsecureCerts: false, browserName: chrome, browserVersion: 126.0.6478.114, chrome: {chromedriverVersion: 126.0.6478.63 (df799988fdc9...}, fedcm:accounts: true, goog:chromeOptions: {debuggerAddress: localhost:9222}, pageLoadStrategy: normal, platformName: any, proxy: Proxy(), setWindowRect: false, strictFileInteractability: false, timeouts: {implicit: 0, pageLoad: 300000, script: 30000}, unhandledPromptBehavior: dismiss and notify, webauthn:extension:credBlob: true, webauthn:extension:largeBlob: true, webauthn:extension:minPinLength: true, webauthn:extension:prf: true, webauthn:virtualAuthenticators: true}
Session ID: d22bc088be025fe7bef39ceffeb521fa
17:52:48.877 [main] INFO  com.instagram.pageObject.PO_HomePage - Method called: Logout
17:52:51.995 [main] INFO  com.instagram.pageObject.PO_HomePage - null
17:52:53.170 [main] INFO  com.instagram.pageObject.PO_HomePage - null
17:52:53.215 [main] INFO  com.instagram.pageObject.PO_HomePage - null
17:52:54.259 [main] INFO  com.instagram.pageObject.PO_HomePage - ❎❎❎ LOGOUT FAILEED !!!
18:02:22.557 [main] INFO  com.instagram.testCases.TC_CreatePost - Base class started...
18:02:22.607 [main] INFO  com.instagram.utilities.CustomizedChromeOptions - Disabled Ads and Notifications
18:02:22.609 [main] INFO  com.instagram.utilities.CustomizedChromeOptions - Entered into Debugging mode with port:9222
18:02:29.245 [main] INFO  com.instagram.testCases.TC_CreatePost - Chrome driver selected
18:02:30.307 [main] INFO  com.instagram.testCases.TC_CreatePost - Login page started
18:02:30.454 [main] INFO  com.instagram.testCases.TC_CreatePost - Maximize the window
18:02:30.485 [main] INFO  com.instagram.testCases.TC_CreatePost - loginUserType: user And isDebuggerMode: false
18:02:30.612 [main] INFO  com.instagram.testCases.TC_CreatePost - Login user Email: l5344052@gmail.com and Password: Qwer4321!
18:02:30.612 [main] INFO  com.instagram.pageObject.PO_LoginPage - Method called Login: Login
18:02:31.295 [main] INFO  com.instagram.pageObject.PO_LoginPage - Enteterd email
18:02:32.239 [main] INFO  com.instagram.pageObject.PO_LoginPage - Entered password
18:02:32.673 [main] INFO  com.instagram.pageObject.PO_LoginPage - clicke on login submit button
18:02:36.415 [main] INFO  com.instagram.pageObject.PO_LoginPage - 1
18:02:36.491 [main] INFO  com.instagram.pageObject.PO_LoginPage - isLoginDone: true
18:02:36.498 [main] INFO  com.instagram.pageObject.PO_LoginPage - ✅✅✅ Login DONE ...
18:02:38.903 [main] INFO  com.instagram.pageObject.PO_HomePage - Clicked on the tabHome
18:02:44.254 [main] INFO  com.instagram.pageObject.PO_HomePage - Clicked on the tabCreate
18:02:48.274 [main] INFO  com.instagram.pageObject.PO_CreatePage - Method called createNewPost and  Caller methods name: test_GenerateImage
18:02:48.489 [main] INFO  com.instagram.pageObject.PO_CreatePage - Click on btnSelectFromComputer
18:02:50.498 [main] INFO  com.instagram.pageObject.PO_CreatePage - Method called uploadFileFromSystem and Caller methods name: createNewPost
18:02:54.344 [main] INFO  com.instagram.pageObject.PO_CreatePage - no such element: Unable to locate element: {"method":"xpath","selector":"(//*[name()='svg'][@aria-label='Select crop'])[1]"}
  (Session info: chrome=126.0.6478.114)
For documentation on this error, please visit: https://www.selenium.dev/documentation/webdriver/troubleshooting/errors#no-such-element-exception
Build info: version: '4.11.0', revision: '040bc5406b'
System info: os.name: 'Windows 10', os.arch: 'amd64', os.version: '10.0', java.version: '22.0.1'
Driver info: org.openqa.selenium.chrome.ChromeDriver
Command: [6171b2436b08851b61af88cac7018160, findElement {using=xpath, value=(//*[name()='svg'][@aria-label='Select crop'])[1]}]
Capabilities {acceptInsecureCerts: false, browserName: chrome, browserVersion: 126.0.6478.114, chrome: {chromedriverVersion: 126.0.6478.63 (df799988fdc9...}, fedcm:accounts: true, goog:chromeOptions: {debuggerAddress: localhost:9222}, pageLoadStrategy: normal, platformName: any, proxy: Proxy(), setWindowRect: false, strictFileInteractability: false, timeouts: {implicit: 0, pageLoad: 300000, script: 30000}, unhandledPromptBehavior: dismiss and notify, webauthn:extension:credBlob: true, webauthn:extension:largeBlob: true, webauthn:extension:minPinLength: true, webauthn:extension:prf: true, webauthn:virtualAuthenticators: true}
Session ID: 6171b2436b08851b61af88cac7018160
18:02:54.513 [main] INFO  com.instagram.pageObject.PO_CreatePage - no such element: Unable to locate element: {"method":"xpath","selector":"(//span[normalize-space()='4:5'])[1]"}
  (Session info: chrome=126.0.6478.114)
For documentation on this error, please visit: https://www.selenium.dev/documentation/webdriver/troubleshooting/errors#no-such-element-exception
Build info: version: '4.11.0', revision: '040bc5406b'
System info: os.name: 'Windows 10', os.arch: 'amd64', os.version: '10.0', java.version: '22.0.1'
Driver info: org.openqa.selenium.chrome.ChromeDriver
Command: [6171b2436b08851b61af88cac7018160, findElement {using=xpath, value=(//span[normalize-space()='4:5'])[1]}]
Capabilities {acceptInsecureCerts: false, browserName: chrome, browserVersion: 126.0.6478.114, chrome: {chromedriverVersion: 126.0.6478.63 (df799988fdc9...}, fedcm:accounts: true, goog:chromeOptions: {debuggerAddress: localhost:9222}, pageLoadStrategy: normal, platformName: any, proxy: Proxy(), setWindowRect: false, strictFileInteractability: false, timeouts: {implicit: 0, pageLoad: 300000, script: 30000}, unhandledPromptBehavior: dismiss and notify, webauthn:extension:credBlob: true, webauthn:extension:largeBlob: true, webauthn:extension:minPinLength: true, webauthn:extension:prf: true, webauthn:virtualAuthenticators: true}
Session ID: 6171b2436b08851b61af88cac7018160
18:02:55.660 [main] INFO  com.instagram.pageObject.PO_CreatePage - Click on btnNext
18:02:57.949 [main] INFO  com.instagram.pageObject.PO_CreatePage - Click on btnNext
18:03:02.403 [main] INFO  com.instagram.pageObject.PO_CreatePage - Entered yourPrompt
18:03:02.640 [main] INFO  com.instagram.pageObject.PO_CreatePage - Click on btnShare
18:03:09.458 [main] INFO  com.instagram.pageObject.PO_CreatePage - Click on Cross button
18:03:11.550 [main] INFO  com.instagram.pageObject.PO_HomePage - Method called: Logout
18:03:15.966 [main] INFO  com.instagram.pageObject.PO_HomePage - Clicked on the tabHome
18:03:18.569 [main] INFO  com.instagram.pageObject.PO_HomePage - Clicked on the tabMore
18:03:20.832 [main] INFO  com.instagram.pageObject.PO_HomePage - Clicked on the logout
18:03:23.410 [main] INFO  com.instagram.pageObject.PO_HomePage - ✅✅✅ LOGOUT DONE ...
18:03:23.504 [main] INFO  com.instagram.testCases.TC_CreatePost - Driver shutdown
18:08:12.828 [main] INFO  com.instagram.testCases.TC_CreatePost - Base class started...
18:08:12.876 [main] INFO  com.instagram.utilities.CustomizedChromeOptions - Disabled Ads and Notifications
18:08:12.877 [main] INFO  com.instagram.utilities.CustomizedChromeOptions - Entered into Debugging mode with port:9222
18:08:16.367 [main] INFO  com.instagram.testCases.TC_CreatePost - Chrome driver selected
18:08:17.379 [main] INFO  com.instagram.testCases.TC_CreatePost - Login page started
18:08:17.611 [main] INFO  com.instagram.testCases.TC_CreatePost - Maximize the window
18:08:17.692 [main] INFO  com.instagram.testCases.TC_CreatePost - loginUserType: user And isDebuggerMode: false
18:08:17.857 [main] INFO  com.instagram.testCases.TC_CreatePost - Login user Email: l5344052@gmail.com and Password: Qwer4321!
18:08:17.857 [main] INFO  com.instagram.pageObject.PO_LoginPage - Method called Login: Login
18:08:18.643 [main] INFO  com.instagram.pageObject.PO_LoginPage - Enteterd email
18:08:19.415 [main] INFO  com.instagram.pageObject.PO_LoginPage - Entered password
18:08:19.776 [main] INFO  com.instagram.pageObject.PO_LoginPage - clicke on login submit button
18:08:23.493 [main] INFO  com.instagram.pageObject.PO_LoginPage - 1
18:08:23.576 [main] INFO  com.instagram.pageObject.PO_LoginPage - isLoginDone: true
18:08:23.584 [main] INFO  com.instagram.pageObject.PO_LoginPage - ✅✅✅ Login DONE ...
18:08:25.984 [main] INFO  com.instagram.pageObject.PO_HomePage - Clicked on the tabHome
18:08:30.194 [main] INFO  com.instagram.pageObject.PO_HomePage - Clicked on the tabCreate
18:08:34.223 [main] INFO  com.instagram.pageObject.PO_CreatePage - Method called createNewPost and  Caller methods name: test_GenerateImage
18:08:34.401 [main] INFO  com.instagram.pageObject.PO_CreatePage - Click on btnSelectFromComputer
18:08:36.417 [main] INFO  com.instagram.pageObject.PO_CreatePage - Method called uploadFileFromSystem and Caller methods name: createNewPost
18:08:36.702 [main] INFO  com.instagram.pageObject.PO_CreatePage - no such element: Unable to locate element: {"method":"xpath","selector":"(//*[name()='svg'][@aria-label='Select crop'])[1]"}
  (Session info: chrome=126.0.6478.114)
For documentation on this error, please visit: https://www.selenium.dev/documentation/webdriver/troubleshooting/errors#no-such-element-exception
Build info: version: '4.11.0', revision: '040bc5406b'
System info: os.name: 'Windows 10', os.arch: 'amd64', os.version: '10.0', java.version: '22.0.1'
Driver info: org.openqa.selenium.chrome.ChromeDriver
Command: [dd5b28c5930fae3eddc493c26f69bbab, findElement {using=xpath, value=(//*[name()='svg'][@aria-label='Select crop'])[1]}]
Capabilities {acceptInsecureCerts: false, browserName: chrome, browserVersion: 126.0.6478.114, chrome: {chromedriverVersion: 126.0.6478.63 (df799988fdc9...}, fedcm:accounts: true, goog:chromeOptions: {debuggerAddress: localhost:9222}, pageLoadStrategy: normal, platformName: any, proxy: Proxy(), setWindowRect: false, strictFileInteractability: false, timeouts: {implicit: 0, pageLoad: 300000, script: 30000}, unhandledPromptBehavior: dismiss and notify, webauthn:extension:credBlob: true, webauthn:extension:largeBlob: true, webauthn:extension:minPinLength: true, webauthn:extension:prf: true, webauthn:virtualAuthenticators: true}
Session ID: dd5b28c5930fae3eddc493c26f69bbab
18:08:36.839 [main] INFO  com.instagram.pageObject.PO_CreatePage - no such element: Unable to locate element: {"method":"xpath","selector":"(//span[normalize-space()='4:5'])[1]"}
  (Session info: chrome=126.0.6478.114)
For documentation on this error, please visit: https://www.selenium.dev/documentation/webdriver/troubleshooting/errors#no-such-element-exception
Build info: version: '4.11.0', revision: '040bc5406b'
System info: os.name: 'Windows 10', os.arch: 'amd64', os.version: '10.0', java.version: '22.0.1'
Driver info: org.openqa.selenium.chrome.ChromeDriver
Command: [dd5b28c5930fae3eddc493c26f69bbab, findElement {using=xpath, value=(//span[normalize-space()='4:5'])[1]}]
Capabilities {acceptInsecureCerts: false, browserName: chrome, browserVersion: 126.0.6478.114, chrome: {chromedriverVersion: 126.0.6478.63 (df799988fdc9...}, fedcm:accounts: true, goog:chromeOptions: {debuggerAddress: localhost:9222}, pageLoadStrategy: normal, platformName: any, proxy: Proxy(), setWindowRect: false, strictFileInteractability: false, timeouts: {implicit: 0, pageLoad: 300000, script: 30000}, unhandledPromptBehavior: dismiss and notify, webauthn:extension:credBlob: true, webauthn:extension:largeBlob: true, webauthn:extension:minPinLength: true, webauthn:extension:prf: true, webauthn:virtualAuthenticators: true}
Session ID: dd5b28c5930fae3eddc493c26f69bbab
18:08:38.038 [main] INFO  com.instagram.pageObject.PO_CreatePage - Click on btnNext
18:08:40.191 [main] INFO  com.instagram.pageObject.PO_CreatePage - Click on btnNext
18:08:44.640 [main] INFO  com.instagram.pageObject.PO_CreatePage - Entered yourPrompt
18:08:44.894 [main] INFO  com.instagram.pageObject.PO_CreatePage - Click on btnShare
18:08:51.772 [main] INFO  com.instagram.pageObject.PO_CreatePage - Click on Cross button
18:08:53.860 [main] INFO  com.instagram.pageObject.PO_HomePage - Method called: Logout
18:08:58.144 [main] INFO  com.instagram.pageObject.PO_HomePage - Clicked on the tabHome
18:09:00.326 [main] INFO  com.instagram.pageObject.PO_HomePage - Clicked on the tabMore
18:09:02.595 [main] INFO  com.instagram.pageObject.PO_HomePage - Clicked on the logout
18:09:04.488 [main] INFO  com.instagram.pageObject.PO_HomePage - ✅✅✅ LOGOUT DONE ...
18:09:04.573 [main] INFO  com.instagram.testCases.TC_CreatePost - Driver shutdown
21:12:07.789 [main] INFO  com.instagram.testCases.TC_CreatePost - Base class started...
21:12:07.832 [main] INFO  com.instagram.utilities.CustomizedChromeOptions - Disabled Ads and Notifications
21:12:07.833 [main] INFO  com.instagram.utilities.CustomizedChromeOptions - Entered into Debugging mode with port:9222
21:15:33.512 [main] INFO  com.instagram.testCases.TC_CreatePost - Base class started...
21:15:33.542 [main] INFO  com.instagram.utilities.CustomizedChromeOptions - Disabled Ads and Notifications
21:15:33.543 [main] INFO  com.instagram.utilities.CustomizedChromeOptions - Entered into Debugging mode with port:9222
21:15:53.256 [main] INFO  com.instagram.testCases.TC_CreatePost - Chrome driver selected
21:16:06.238 [main] INFO  com.instagram.testCases.TC_CreatePost - Login page started
21:16:06.255 [main] INFO  com.instagram.testCases.TC_CreatePost - Maximize the window
21:16:06.286 [main] INFO  com.instagram.testCases.TC_CreatePost - loginUserType: user And isDebuggerMode: false
21:16:06.366 [main] INFO  com.instagram.testCases.TC_CreatePost - Login user Email: l5344052@gmail.com and Password: Qwer4321!
21:16:06.366 [main] INFO  com.instagram.pageObject.PO_LoginPage - Method called Login: Login
21:16:07.621 [main] INFO  com.instagram.pageObject.PO_LoginPage - Enteterd email
21:16:08.273 [main] INFO  com.instagram.pageObject.PO_LoginPage - Entered password
21:16:08.586 [main] INFO  com.instagram.pageObject.PO_LoginPage - clicke on login submit button
21:16:16.306 [main] INFO  com.instagram.pageObject.PO_LoginPage - 1
21:16:16.430 [main] INFO  com.instagram.pageObject.PO_LoginPage - isLoginDone: true
21:16:16.435 [main] INFO  com.instagram.pageObject.PO_LoginPage - ✅✅✅ Login DONE ...
21:16:18.743 [main] INFO  com.instagram.pageObject.PO_HomePage - Clicked on the tabHome
21:16:23.748 [main] INFO  com.instagram.pageObject.PO_HomePage - Clicked on the tabCreate
21:16:27.760 [main] INFO  com.instagram.pageObject.PO_CreatePage - Method called createNewPost and  Caller methods name: test_GenerateImage
21:16:27.856 [main] INFO  com.instagram.pageObject.PO_CreatePage - Click on btnSelectFromComputer
21:16:29.868 [main] INFO  com.instagram.pageObject.PO_CreatePage - Method called uploadFileFromSystem and Caller methods name: createNewPost
21:16:34.202 [main] INFO  com.instagram.pageObject.PO_CreatePage - no such element: Unable to locate element: {"method":"xpath","selector":"(//*[name()='svg'][@aria-label='Select crop'])[1]"}
  (Session info: chrome=126.0.6478.114)
For documentation on this error, please visit: https://www.selenium.dev/documentation/webdriver/troubleshooting/errors#no-such-element-exception
Build info: version: '4.11.0', revision: '040bc5406b'
System info: os.name: 'Windows 10', os.arch: 'amd64', os.version: '10.0', java.version: '22.0.1'
Driver info: org.openqa.selenium.chrome.ChromeDriver
Command: [c0bac9e806ea621cb062b454922926e9, findElement {using=xpath, value=(//*[name()='svg'][@aria-label='Select crop'])[1]}]
Capabilities {acceptInsecureCerts: false, browserName: chrome, browserVersion: 126.0.6478.114, chrome: {chromedriverVersion: 126.0.6478.63 (df799988fdc9...}, fedcm:accounts: true, goog:chromeOptions: {debuggerAddress: localhost:9222}, pageLoadStrategy: normal, platformName: any, proxy: Proxy(), setWindowRect: false, strictFileInteractability: false, timeouts: {implicit: 0, pageLoad: 300000, script: 30000}, unhandledPromptBehavior: dismiss and notify, webauthn:extension:credBlob: true, webauthn:extension:largeBlob: true, webauthn:extension:minPinLength: true, webauthn:extension:prf: true, webauthn:virtualAuthenticators: true}
Session ID: c0bac9e806ea621cb062b454922926e9
21:16:34.231 [main] INFO  com.instagram.pageObject.PO_CreatePage - no such element: Unable to locate element: {"method":"xpath","selector":"(//span[normalize-space()='4:5'])[1]"}
  (Session info: chrome=126.0.6478.114)
For documentation on this error, please visit: https://www.selenium.dev/documentation/webdriver/troubleshooting/errors#no-such-element-exception
Build info: version: '4.11.0', revision: '040bc5406b'
System info: os.name: 'Windows 10', os.arch: 'amd64', os.version: '10.0', java.version: '22.0.1'
Driver info: org.openqa.selenium.chrome.ChromeDriver
Command: [c0bac9e806ea621cb062b454922926e9, findElement {using=xpath, value=(//span[normalize-space()='4:5'])[1]}]
Capabilities {acceptInsecureCerts: false, browserName: chrome, browserVersion: 126.0.6478.114, chrome: {chromedriverVersion: 126.0.6478.63 (df799988fdc9...}, fedcm:accounts: true, goog:chromeOptions: {debuggerAddress: localhost:9222}, pageLoadStrategy: normal, platformName: any, proxy: Proxy(), setWindowRect: false, strictFileInteractability: false, timeouts: {implicit: 0, pageLoad: 300000, script: 30000}, unhandledPromptBehavior: dismiss and notify, webauthn:extension:credBlob: true, webauthn:extension:largeBlob: true, webauthn:extension:minPinLength: true, webauthn:extension:prf: true, webauthn:virtualAuthenticators: true}
Session ID: c0bac9e806ea621cb062b454922926e9
21:16:35.405 [main] INFO  com.instagram.pageObject.PO_CreatePage - Click on btnNext
21:16:37.502 [main] INFO  com.instagram.pageObject.PO_CreatePage - Click on btnNext
21:16:41.884 [main] INFO  com.instagram.pageObject.PO_CreatePage - Entered yourPrompt
21:16:42.000 [main] INFO  com.instagram.pageObject.PO_CreatePage - Click on btnShare
21:16:49.511 [main] INFO  com.instagram.pageObject.PO_CreatePage - Click on Cross button
21:16:51.559 [main] INFO  com.instagram.pageObject.PO_HomePage - Method called: Logout
21:16:55.851 [main] INFO  com.instagram.pageObject.PO_HomePage - Clicked on the tabHome
21:16:58.101 [main] INFO  com.instagram.pageObject.PO_HomePage - Clicked on the tabMore
21:17:00.340 [main] INFO  com.instagram.pageObject.PO_HomePage - Clicked on the logout
21:17:02.054 [main] INFO  com.instagram.pageObject.PO_HomePage - ✅✅✅ LOGOUT DONE ...
21:17:02.178 [main] INFO  com.instagram.testCases.TC_CreatePost - Driver shutdown
